<?xml version="1.0" encoding="UTF-8"?>
<!-- Generated by org.testng.reporters.JUnitXMLReporter -->
<testsuite ignored="4" hostname="Swarnadeeps-MacBook-Pro.local" failures="0" tests="1" name="Default test" time="2.573" errors="0" timestamp="2024-05-18T20:56:32 EDT">
  <testcase classname="tests.SampleAPITest" name="createPostTest" time="1.956"/>
  <testcase classname="tests.SampleAPITest" name="getPostsTest" time="0.0">
    <ignored/>
  </testcase> <!-- getPostsTest -->
  <testcase classname="tests.SampleAPITest" name="updatePostTest" time="0.0">
    <ignored/>
  </testcase> <!-- updatePostTest -->
  <testcase classname="tests.SampleAPITest" name="getSinglePostTest" time="0.0">
    <ignored/>
  </testcase> <!-- getSinglePostTest -->
  <testcase classname="tests.SampleAPITest" name="deletePostTest" time="0.0">
    <ignored/>
  </testcase> <!-- deletePostTest -->
</testsuite> <!-- Default test -->
