<?xml version="1.0" encoding="UTF-8"?>
<!-- Generated by org.testng.reporters.JUnitXMLReporter -->
<testsuite ignored="0" hostname="DESKTOP-3BPQ3RI" failures="0" tests="5" name="Default test" time="4.602" errors="0" timestamp="2024-02-03T16:39:21 EST">
  <testcase classname="tests.SampleAPITest" name="createPostTest" time="3.101"/>
  <testcase classname="tests.SampleAPITest" name="deletePostTest" time="0.177"/>
  <testcase classname="tests.SampleAPITest" name="getPostsTest" time="0.226"/>
  <testcase classname="tests.SampleAPITest" name="getSinglePostTest" time="0.151"/>
  <testcase classname="tests.SampleAPITest" name="updatePostTest" time="0.192"/>
</testsuite> <!-- Default test -->
