<?xml version="1.0" encoding="UTF-8"?>
<testng-results ignored="0" total="5" passed="5" failed="0" skipped="0">
  <reporter-output>
  </reporter-output>
  <suite started-at="2024-02-03T16:39:16 EST" name="Default suite" finished-at="2024-02-03T16:39:21 EST" duration-ms="4602">
    <groups>
    </groups>
    <test started-at="2024-02-03T16:39:16 EST" name="Default test" finished-at="2024-02-03T16:39:21 EST" duration-ms="4602">
      <class name="tests.SampleAPITest">
        <test-method is-config="true" signature="setup()[pri:0, instance:tests.SampleAPITest@4c9f8c13]" started-at="2024-02-03T16:39:16 EST" name="setup" finished-at="2024-02-03T16:39:17 EST" duration-ms="692" status="PASS">
          <reporter-output>
          </reporter-output>
        </test-method> <!-- setup -->
        <test-method signature="createPostTest()[pri:0, instance:tests.SampleAPITest@4c9f8c13]" started-at="2024-02-03T16:39:17 EST" name="createPostTest" finished-at="2024-02-03T16:39:20 EST" duration-ms="3101" status="PASS">
          <reporter-output>
          </reporter-output>
        </test-method> <!-- createPostTest -->
        <test-method signature="deletePostTest()[pri:0, instance:tests.SampleAPITest@4c9f8c13]" started-at="2024-02-03T16:39:20 EST" name="deletePostTest" finished-at="2024-02-03T16:39:20 EST" duration-ms="177" status="PASS">
          <reporter-output>
          </reporter-output>
        </test-method> <!-- deletePostTest -->
        <test-method signature="getPostsTest()[pri:0, instance:tests.SampleAPITest@4c9f8c13]" started-at="2024-02-03T16:39:20 EST" name="getPostsTest" finished-at="2024-02-03T16:39:20 EST" duration-ms="226" status="PASS">
          <reporter-output>
          </reporter-output>
        </test-method> <!-- getPostsTest -->
        <test-method signature="getSinglePostTest()[pri:0, instance:tests.SampleAPITest@4c9f8c13]" started-at="2024-02-03T16:39:20 EST" name="getSinglePostTest" finished-at="2024-02-03T16:39:20 EST" duration-ms="151" status="PASS">
          <reporter-output>
          </reporter-output>
        </test-method> <!-- getSinglePostTest -->
        <test-method signature="updatePostTest()[pri:0, instance:tests.SampleAPITest@4c9f8c13]" started-at="2024-02-03T16:39:20 EST" name="updatePostTest" finished-at="2024-02-03T16:39:21 EST" duration-ms="192" status="PASS">
          <reporter-output>
          </reporter-output>
        </test-method> <!-- updatePostTest -->
      </class> <!-- tests.SampleAPITest -->
    </test> <!-- Default test -->
  </suite> <!-- Default suite -->
</testng-results>
