<?xml version="1.0" encoding="UTF-8"?>
<testng-results ignored="4" total="5" passed="1" failed="0" skipped="0">
  <reporter-output>
  </reporter-output>
  <suite started-at="2024-05-18T20:56:29 EDT" name="Default suite" finished-at="2024-05-18T20:56:32 EDT" duration-ms="2573">
    <groups>
    </groups>
    <test started-at="2024-05-18T20:56:29 EDT" name="Default test" finished-at="2024-05-18T20:56:32 EDT" duration-ms="2573">
      <class name="tests.SampleAPITest">
        <test-method is-config="true" signature="setup()[pri:0, instance:tests.SampleAPITest@124c278f]" started-at="2024-05-18T20:56:29 EDT" name="setup" finished-at="2024-05-18T20:56:30 EDT" duration-ms="580" status="PASS">
          <reporter-output>
          </reporter-output>
        </test-method> <!-- setup -->
        <test-method signature="createPostTest()[pri:0, instance:tests.SampleAPITest@124c278f]" started-at="2024-05-18T20:56:30 EDT" name="createPostTest" finished-at="2024-05-18T20:56:32 EDT" duration-ms="1956" status="PASS">
          <reporter-output>
          </reporter-output>
        </test-method> <!-- createPostTest -->
      </class> <!-- tests.SampleAPITest -->
    </test> <!-- Default test -->
  </suite> <!-- Default suite -->
</testng-results>
